<?xml version="1.0" encoding="UTF-8"?>
<testsuite xmlns:xsi="http://www.w3.org/2001/XMLSchema-instance" xsi:noNamespaceSchemaLocation="https://maven.apache.org/surefire/maven-surefire-plugin/xsd/surefire-test-report-3.0.xsd" version="3.0" name="com.sistema.dominio.entidade.FaturaTest" time="0.005" tests="2" errors="0" skipped="0" failures="0">
  <properties>
[...]
</properties>
  <testcase name="testPagamentoCheioDaFatura" classname="com.sistema.dominio.entidade.FaturaTest" time="0.003">
    <system-out><![CDATA[CARTAO_ID:null
CARTAO_ID_SET_ID:null
]]></system-out>
  </testcase>
  <testcase name="testCalculoTotalEPagamentoMinimo" classname="com.sistema.dominio.entidade.FaturaTest" time="0.0">
    <system-out><![CDATA[CARTAO_ID:null
CARTAO_ID_SET_ID:null
]]></system-out>
  </testcase>
</testsuite>